<?xml version="1.0" encoding="UTF-8"?>
<testsuite xmlns:xsi="http://www.w3.org/2001/XMLSchema-instance" xsi:noNamespaceSchemaLocation="https://maven.apache.org/surefire/maven-surefire-plugin/xsd/surefire-test-report-3.0.xsd" version="3.0" name="com.rdreams.suites.AppTestSuite" time="0.565" tests="0" errors="0" skipped="0" failures="0">
  <properties>
    <property name="java.specification.version" value="21"/>
    <property name="sun.cpu.isalist" value="amd64"/>
    <property name="sun.jnu.encoding" value="Cp1252"/>
    <property name="java.class.path" value="C:\Users\prathinavel\Downloads\Personal\Workspace\Java\target\test-classes;C:\Users\prathinavel\Downloads\Personal\Workspace\Java\target\classes;C:\Users\prathinavel\.m2\repository\org\junit\jupiter\junit-jupiter-api\5.10.1\junit-jupiter-api-5.10.1.jar;C:\Users\prathinavel\.m2\repository\org\opentest4j\opentest4j\1.3.0\opentest4j-1.3.0.jar;C:\Users\prathinavel\.m2\repository\org\junit\platform\junit-platform-commons\1.10.1\junit-platform-commons-1.10.1.jar;C:\Users\prathinavel\.m2\repository\org\apiguardian\apiguardian-api\1.1.2\apiguardian-api-1.1.2.jar;C:\Users\prathinavel\.m2\repository\org\junit\jupiter\junit-jupiter-engine\5.10.1\junit-jupiter-engine-5.10.1.jar;C:\Users\prathinavel\.m2\repository\org\junit\platform\junit-platform-engine\1.10.1\junit-platform-engine-1.10.1.jar;C:\Users\prathinavel\.m2\repository\org\junit\platform\junit-platform-suite\1.9.1\junit-platform-suite-1.9.1.jar;C:\Users\prathinavel\.m2\repository\org\junit\platform\junit-platform-suite-api\1.9.1\junit-platform-suite-api-1.9.1.jar;C:\Users\prathinavel\.m2\repository\org\junit\platform\junit-platform-suite-engine\1.9.1\junit-platform-suite-engine-1.9.1.jar;C:\Users\prathinavel\.m2\repository\org\junit\platform\junit-platform-suite-commons\1.9.1\junit-platform-suite-commons-1.9.1.jar;C:\Users\prathinavel\.m2\repository\org\junit\platform\junit-platform-launcher\1.9.1\junit-platform-launcher-1.9.1.jar;"/>
    <property name="java.vm.vendor" value="Oracle Corporation"/>
    <property name="sun.arch.data.model" value="64"/>
    <property name="user.variant" value=""/>
    <property name="java.vendor.url" value="https://java.oracle.com/"/>
    <property name="user.timezone" value="Asia/Calcutta"/>
    <property name="os.name" value="Windows 11"/>
    <property name="java.vm.specification.version" value="21"/>
    <property name="sun.java.launcher" value="SUN_STANDARD"/>
    <property name="user.country" value="US"/>
    <property name="sun.boot.library.path" value="C:\Program Files\Java\jdk-21\bin"/>
    <property name="sun.java.command" value="C:\Users\prathinavel\AppData\Local\Temp\2\surefire2329642829944420120\surefirebooter-20240222160444092_3.jar C:\Users\prathinavel\AppData\Local\Temp\2\surefire2329642829944420120 2024-02-22T16-04-43_835-jvmRun1 surefire-20240222160444092_1tmp surefire_0-20240222160444092_2tmp"/>
    <property name="jdk.debug" value="release"/>
    <property name="surefire.test.class.path" value="C:\Users\prathinavel\Downloads\Personal\Workspace\Java\target\test-classes;C:\Users\prathinavel\Downloads\Personal\Workspace\Java\target\classes;C:\Users\prathinavel\.m2\repository\org\junit\jupiter\junit-jupiter-api\5.10.1\junit-jupiter-api-5.10.1.jar;C:\Users\prathinavel\.m2\repository\org\opentest4j\opentest4j\1.3.0\opentest4j-1.3.0.jar;C:\Users\prathinavel\.m2\repository\org\junit\platform\junit-platform-commons\1.10.1\junit-platform-commons-1.10.1.jar;C:\Users\prathinavel\.m2\repository\org\apiguardian\apiguardian-api\1.1.2\apiguardian-api-1.1.2.jar;C:\Users\prathinavel\.m2\repository\org\junit\jupiter\junit-jupiter-engine\5.10.1\junit-jupiter-engine-5.10.1.jar;C:\Users\prathinavel\.m2\repository\org\junit\platform\junit-platform-engine\1.10.1\junit-platform-engine-1.10.1.jar;C:\Users\prathinavel\.m2\repository\org\junit\platform\junit-platform-suite\1.9.1\junit-platform-suite-1.9.1.jar;C:\Users\prathinavel\.m2\repository\org\junit\platform\junit-platform-suite-api\1.9.1\junit-platform-suite-api-1.9.1.jar;C:\Users\prathinavel\.m2\repository\org\junit\platform\junit-platform-suite-engine\1.9.1\junit-platform-suite-engine-1.9.1.jar;C:\Users\prathinavel\.m2\repository\org\junit\platform\junit-platform-suite-commons\1.9.1\junit-platform-suite-commons-1.9.1.jar;C:\Users\prathinavel\.m2\repository\org\junit\platform\junit-platform-launcher\1.9.1\junit-platform-launcher-1.9.1.jar;"/>
    <property name="sun.cpu.endian" value="little"/>
    <property name="user.home" value="C:\Users\prathinavel"/>
    <property name="user.language" value="en"/>
    <property name="java.specification.vendor" value="Oracle Corporation"/>
    <property name="java.version.date" value="2023-10-17"/>
    <property name="java.home" value="C:\Program Files\Java\jdk-21"/>
    <property name="file.separator" value="\"/>
    <property name="basedir" value="C:\Users\prathinavel\Downloads\Personal\Workspace\Java"/>
    <property name="java.vm.compressedOopsMode" value="Zero based"/>
    <property name="line.separator" value="&#10;"/>
    <property name="java.vm.specification.vendor" value="Oracle Corporation"/>
    <property name="java.specification.name" value="Java Platform API Specification"/>
    <property name="surefire.real.class.path" value="C:\Users\prathinavel\AppData\Local\Temp\2\surefire2329642829944420120\surefirebooter-20240222160444092_3.jar"/>
    <property name="user.script" value=""/>
    <property name="sun.management.compiler" value="HotSpot 64-Bit Tiered Compilers"/>
    <property name="java.runtime.version" value="21.0.1+12-LTS-29"/>
    <property name="user.name" value="prathinavel"/>
    <property name="stdout.encoding" value="Cp1252"/>
    <property name="path.separator" value=";"/>
    <property name="os.version" value="10.0"/>
    <property name="java.runtime.name" value="Java(TM) SE Runtime Environment"/>
    <property name="file.encoding" value="UTF-8"/>
    <property name="java.vm.name" value="Java HotSpot(TM) 64-Bit Server VM"/>
    <property name="localRepository" value="C:\Users\prathinavel\.m2\repository"/>
    <property name="java.vendor.url.bug" value="https://bugreport.java.com/bugreport/"/>
    <property name="java.io.tmpdir" value="C:\Users\PRATHI~1\AppData\Local\Temp\2\"/>
    <property name="idea.version" value="2023.3.4"/>
    <property name="java.version" value="21.0.1"/>
    <property name="user.dir" value="C:\Users\prathinavel\Downloads\Personal\Workspace\Java"/>
    <property name="os.arch" value="amd64"/>
    <property name="java.vm.specification.name" value="Java Virtual Machine Specification"/>
    <property name="sun.os.patch.level" value=""/>
    <property name="native.encoding" value="Cp1252"/>
    <property name="java.library.path" value="C:\Program Files\Java\jdk-21\bin;C:\WINDOWS\Sun\Java\bin;C:\WINDOWS\system32;C:\WINDOWS;C:\Program Files\Common Files\Oracle\Java\javapath;C:\Program Files\Java\jdk-21\bin;C:\WINDOWS\system32;C:\WINDOWS;C:\WINDOWS\System32\Wbem;C:\WINDOWS\System32\WindowsPowerShell\v1.0\;C:\WINDOWS\System32\OpenSSH\;C:\PortableApps\Python311\Scripts;C:\Program Files\Azure Data Studio\bin;C:\ProgramData\chocolatey\bin;C:\Program Files\MongoDB\Server\6.0\bin;C:\Program Files\nodejs;C:\Program Files\Git\cmd;C:\PortableApps\apache-maven-3.9.6\bin;C:\Program Files\nodejs\;C:\Program Files\Docker\Docker\resources\bin;C:\Users\prathinavel\AppData\Local\Programs\Python\Python312\Scripts\;C:\Users\prathinavel\AppData\Local\Programs\Python\Python312\;C:\Program Files\Java\jdk-21\bin;C:\PortableApps\apache-maven-3.9.6\bin;C:\Users\prathinavel\AppData\Local\Microsoft\WindowsApps;C:\Users\prathinavel\AppData\Local\Programs\Microsoft VS Code\bin;C:\PortableApps\Python311\Scripts;C:\Program Files\Azure Data Studio\bin;C:\Program Files\MongoDB\Server\6.0\bin;C:\PortableApps\Python311;C:\Program Files\JetBrains\IntelliJ IDEA Community Edition 2023.3.1\bin;;C:\Program Files\JetBrains\PyCharm Community Edition 2023.1.3\bin;;C:\Program Files\nodejs;C:\Users\prathinavel\AppData\Roaming\npm;."/>
    <property name="java.vm.info" value="mixed mode, sharing"/>
    <property name="stderr.encoding" value="Cp1252"/>
    <property name="java.vendor" value="Oracle Corporation"/>
    <property name="java.vm.version" value="21.0.1+12-LTS-29"/>
    <property name="sun.io.unicode.encoding" value="UnicodeLittle"/>
    <property name="java.class.version" value="65.0"/>
    <property name="jacoco-agent.destfile" value="target/jacoco.exec"/>
  </properties>
</testsuite>